SF:lib/design/copys.dart
DA:2,0
DA:20,0
LF:2
LH:0
end_of_record
SF:lib/pages/helper/validate_input.dart
DA:3,2
DA:4,2
DA:7,4
LF:3
LH:3
end_of_record
SF:lib/config/providers/user_provider.dart
DA:7,1
DA:10,1
DA:11,1
DA:14,0
DA:16,0
LF:5
LH:3
end_of_record
SF:lib/models/user.dart
DA:4,1
LF:1
LH:1
end_of_record
SF:lib/pages/login_page.dart
DA:11,1
DA:13,1
DA:14,1
DA:37,1
DA:39,1
DA:40,2
DA:41,2
DA:44,1
DA:46,1
DA:48,1
DA:49,1
DA:50,1
DA:52,2
DA:53,5
DA:54,1
DA:56,1
DA:59,0
DA:60,0
DA:61,0
DA:65,1
DA:67,1
DA:69,3
DA:73,1
DA:74,1
DA:75,1
DA:76,1
DA:77,1
DA:80,1
DA:81,1
DA:83,1
DA:84,3
DA:85,2
DA:86,0
DA:87,0
DA:88,0
DA:89,0
DA:90,0
DA:91,0
DA:94,1
DA:95,2
DA:96,1
DA:97,1
DA:100,0
DA:101,0
DA:103,1
DA:104,1
DA:105,1
DA:106,1
DA:108,1
DA:112,1
DA:113,1
DA:115,1
DA:116,1
DA:121,0
DA:122,0
DA:123,0
DA:124,0
DA:125,0
DA:126,0
DA:129,1
DA:130,2
DA:131,1
DA:132,1
DA:137,1
DA:138,1
DA:140,1
DA:142,1
DA:143,1
DA:144,1
DA:148,1
DA:149,0
DA:150,0
DA:151,0
DA:158,1
DA:159,0
DA:160,1
DA:162,1
DA:167,1
DA:171,1
DA:172,1
DA:173,3
DA:174,1
DA:176,3
DA:177,4
DA:178,2
DA:182,1
DA:194,1
DA:196,1
DA:197,1
DA:204,1
DA:224,1
DA:231,1
DA:256,1
DA:258,1
DA:260,1
DA:261,0
LF:96
LH:74
end_of_record
SF:lib/config/app_routes.dart
DA:2,0
LF:1
LH:0
end_of_record
SF:lib/design/colors.dart
DA:12,0
LF:1
LH:0
end_of_record
SF:lib/design/radius.dart
DA:5,0
LF:1
LH:0
end_of_record
SF:lib/widgets/divider_with_text.dart
DA:6,1
DA:8,1
DA:10,1
DA:11,1
DA:17,1
DA:19,2
LF:6
LH:6
end_of_record
